<?xml version="1.0" encoding="UTF-8"?>
<!-- Generated by org.testng.reporters.JUnitXMLReporter -->
<testsuite ignored="0" hostname="DESKTOP-RBG30Q4" failures="0" tests="4" name="Default test" time="13.072" errors="0" timestamp="2025-08-05T13:28:06 IST">
  <testcase classname="api.testcases.UserTestDataDiven" name="testCreateUser" time="5.35"/>
  <testcase classname="api.testcases.UserTestDataDiven" name="testCreateUser" time="1.659"/>
  <testcase classname="api.testcases.UserTestDataDiven" name="testCreateUser" time="1.56"/>
  <testcase classname="api.testcases.UserTestDataDiven" name="testCreateUser" time="1.797"/>
</testsuite> <!-- Default test -->
