<?xml version="1.0" encoding="UTF-8"?>
<!-- Generated by org.testng.reporters.JUnitXMLReporter -->
<testsuite ignored="0" hostname="DESKTOP-RBG30Q4" failures="1" tests="4" name="Test" time="9.223" errors="0" timestamp="2025-08-06T12:38:05 IST">
  <testcase classname="api.testcases.userTest" name="testCreateUser" time="4.147"/>
  <testcase classname="api.testcases.userTest" name="testGetUserData" time="1.208">
    <failure type="java.lang.AssertionError" message="expected [200] but found [404]">
      <![CDATA[java.lang.AssertionError: expected [200] but found [404]
at api.testcases.userTest.testGetUserData(userTest.java:67)
at java.base/java.util.ArrayList.forEach(ArrayList.java:1511)
... Removed 31 stack frames]]>
    </failure>
  </testcase> <!-- testGetUserData -->
  <testcase classname="api.testcases.userTest" name="testUpdateUserData" time="1.208"/>
  <testcase classname="api.testcases.userTest" name="testDeleteUserData" time="1.151"/>
</testsuite> <!-- Test -->
